<?xml version="1.0" encoding="UTF-8"?>
<robot generator="Robot 3.2.1 (Python 3.7.8 on win32)" generated="20200722 02:27:08.906" rpa="true">
<suite id="s1" name="Firstbot" source="c:\Users\Joao Costa\OneDrive\rapia\GitHub JooooooooCo\first-robotframework-bot-in-vside\firstbot.robot">
<test id="s1-t1" name="say oi abre navegador">
<kw name="Log To Console" library="BuiltIn">
<doc>Logs the given message to the console.</doc>
<arguments>
<arg>imiciado</arg>
</arguments>
<status status="PASS" starttime="20200722 02:27:10.979" endtime="20200722 02:27:10.979"></status>
</kw>
<kw name="Open Browser" library="RPA.Browser">
<doc>Opens a new browser instance to the optional ``url``.</doc>
<arguments>
<arg>https://www.google.com/</arg>
<arg>gc</arg>
</arguments>
<msg timestamp="20200722 02:27:10.980" level="INFO">Opening browser 'gc' to base url 'https://www.google.com/'.</msg>
<status status="PASS" starttime="20200722 02:27:10.980" endtime="20200722 02:27:16.369"></status>
</kw>
<kw name="Mouse Click Image" library="RPA.Desktop.Windows">
<doc>Click at template image on desktop</doc>
<arguments>
<arg>template=${EXECDIR}\\1588235551.bmp</arg>
</arguments>
<msg timestamp="20200722 02:27:20.375" level="INFO">Scanned image in 3.24 seconds</msg>
<msg timestamp="20200722 02:27:20.377" level="INFO">Click type 'click' at (749, 433)</msg>
<status status="PASS" starttime="20200722 02:27:16.369" endtime="20200722 02:27:20.520"></status>
</kw>
<status status="PASS" starttime="20200722 02:27:10.977" endtime="20200722 02:27:20.521" critical="yes"></status>
</test>
<doc>just comment</doc>
<status status="PASS" starttime="20200722 02:27:08.919" endtime="20200722 02:27:20.542"></status>
</suite>
<statistics>
<total>
<stat pass="1" fail="0">Critical Tasks</stat>
<stat pass="1" fail="0">All Tasks</stat>
</total>
<tag>
</tag>
<suite>
<stat pass="1" fail="0" id="s1" name="Firstbot">Firstbot</stat>
</suite>
</statistics>
<errors>
</errors>
</robot>
