<?xml version="1.0" encoding="UTF-8"?>
<robot generator="Robot 3.2.1 (Python 3.7.8 on win32)" generated="20200722 00:43:14.605" rpa="true">
<suite id="s1" name="Firstbot" source="c:\Users\Joao Costa\OneDrive\rapia\RobotFramework (VisualStudioCode)\first-robotframework-bot-in-vside\firstbot.robot">
<test id="s1-t1" name="say oi abre navegador">
<kw name="Log To Console" library="BuiltIn">
<doc>Logs the given message to the console.</doc>
<arguments>
<arg>imiciado</arg>
</arguments>
<status status="PASS" starttime="20200722 00:43:15.214" endtime="20200722 00:43:15.215"></status>
</kw>
<kw name="Open Browser" library="SeleniumLibrary">
<doc>Opens a new browser instance to the optional ``url``.</doc>
<arguments>
<arg>https://www.google.com/</arg>
<arg>gc</arg>
</arguments>
<msg timestamp="20200722 00:43:15.217" level="INFO">Opening browser 'gc' to base url 'https://www.google.com/'.</msg>
<status status="PASS" starttime="20200722 00:43:15.216" endtime="20200722 00:43:19.816"></status>
</kw>
<kw name="Close Browser" library="SeleniumLibrary">
<doc>Closes the current browser.</doc>
<status status="PASS" starttime="20200722 00:43:19.817" endtime="20200722 00:43:21.978"></status>
</kw>
<status status="PASS" starttime="20200722 00:43:15.212" endtime="20200722 00:43:21.979" critical="yes"></status>
</test>
<doc>just comment</doc>
<status status="PASS" starttime="20200722 00:43:14.611" endtime="20200722 00:43:21.981"></status>
</suite>
<statistics>
<total>
<stat pass="1" fail="0">Critical Tasks</stat>
<stat pass="1" fail="0">All Tasks</stat>
</total>
<tag>
</tag>
<suite>
<stat pass="1" fail="0" id="s1" name="Firstbot">Firstbot</stat>
</suite>
</statistics>
<errors>
</errors>
</robot>
